2023-05-29T20:29:45+00:00 CRITICAL Uncaught ArgumentCountError: 3 arguments are required, 2 given in C:\xampp\htdocs\wordpress\wp-admin\includes\class-bulk-upgrader-skin.php:156
Stack trace:
#0 C:\xampp\htdocs\wordpress\wp-admin\includes\class-bulk-upgrader-skin.php(156): sprintf('%1$s instalado ...', 'WooCommerce')
#1 C:\xampp\htdocs\wordpress\wp-content\themes\yith-proteo\third-party\classes\class-tgm-plugin-activation.php(3553): Bulk_Upgrader_Skin->after('WooCommerce')
#2 C:\xampp\htdocs\wordpress\wp-admin\includes\class-wp-upgrader.php(841): TGMPA_Bulk_Installer_Skin->after()
#3 C:\xampp\htdocs\wordpress\wp-content\themes\yith-proteo\third-party\classes\class-tgm-plugin-activation.php(3173): WP_Upgrader->run(Array)
#4 C:\xampp\htdocs\wordpress\wp-content\themes\yith-proteo\third-party\classes\class-tgm-plugin-activation.php(3278): TGMPA_Bulk_Installer->run(Array)
#5 C:\xampp\htdocs\wordpress\wp-content\themes\yith-proteo\third-party\classes\class-tgm-plugin-activation.php(2892): TGMPA_Bulk_Installer->bulk_install(Array)
#6 C:\xampp\htdocs\wordpress\wp-content\themes\yith-proteo\third-party\classes\class-tgm-plugin-activation.php(658): TGMPA_List_Table->process_bulk_actions()
#7 C:\xampp\htdocs\wordpress\wp-includes\class-wp-hook.php(308): TGM_Plugin_Activation->install_plugins_page('')
#8 C:\xampp\htdocs\wordpress\wp-includes\class-wp-hook.php(332): WP_Hook->apply_filters('', Array)
#9 C:\xampp\htdocs\wordpress\wp-includes\plugin.php(517): WP_Hook->do_action(Array)
#10 C:\xampp\htdocs\wordpress\wp-admin\admin.php(259): do_action('appearance_page...')
#11 C:\xampp\htdocs\wordpress\wp-admin\themes.php(10): require_once('C:\\xampp\\htdocs...')
#12 {main}
  thrown in C:\xampp\htdocs\wordpress\wp-admin\includes\class-bulk-upgrader-skin.php on line 156

2023-05-29T20:30:03+00:00 CRITICAL Uncaught ArgumentCountError: 3 arguments are required, 2 given in C:\xampp\htdocs\wordpress\wp-admin\includes\class-bulk-upgrader-skin.php:156
Stack trace:
#0 C:\xampp\htdocs\wordpress\wp-admin\includes\class-bulk-upgrader-skin.php(156): sprintf('%1$s instalado ...', 'YITH Slider for...')
#1 C:\xampp\htdocs\wordpress\wp-content\themes\yith-proteo\third-party\classes\class-tgm-plugin-activation.php(3553): Bulk_Upgrader_Skin->after('YITH Slider for...')
#2 C:\xampp\htdocs\wordpress\wp-admin\includes\class-wp-upgrader.php(841): TGMPA_Bulk_Installer_Skin->after()
#3 C:\xampp\htdocs\wordpress\wp-content\themes\yith-proteo\third-party\classes\class-tgm-plugin-activation.php(3173): WP_Upgrader->run(Array)
#4 C:\xampp\htdocs\wordpress\wp-content\themes\yith-proteo\third-party\classes\class-tgm-plugin-activation.php(3278): TGMPA_Bulk_Installer->run(Array)
#5 C:\xampp\htdocs\wordpress\wp-content\themes\yith-proteo\third-party\classes\class-tgm-plugin-activation.php(2892): TGMPA_Bulk_Installer->bulk_install(Array)
#6 C:\xampp\htdocs\wordpress\wp-content\themes\yith-proteo\third-party\classes\class-tgm-plugin-activation.php(658): TGMPA_List_Table->process_bulk_actions()
#7 C:\xampp\htdocs\wordpress\wp-includes\class-wp-hook.php(308): TGM_Plugin_Activation->install_plugins_page('')
#8 C:\xampp\htdocs\wordpress\wp-includes\class-wp-hook.php(332): WP_Hook->apply_filters('', Array)
#9 C:\xampp\htdocs\wordpress\wp-includes\plugin.php(517): WP_Hook->do_action(Array)
#10 C:\xampp\htdocs\wordpress\wp-admin\admin.php(259): do_action('appearance_page...')
#11 C:\xampp\htdocs\wordpress\wp-admin\themes.php(10): require_once('C:\\xampp\\htdocs...')
#12 {main}
  thrown in C:\xampp\htdocs\wordpress\wp-admin\includes\class-bulk-upgrader-skin.php on line 156

2023-05-29T20:30:23+00:00 CRITICAL Uncaught ArgumentCountError: 3 arguments are required, 2 given in C:\xampp\htdocs\wordpress\wp-admin\includes\class-bulk-upgrader-skin.php:156
Stack trace:
#0 C:\xampp\htdocs\wordpress\wp-admin\includes\class-bulk-upgrader-skin.php(156): sprintf('%1$s instalado ...', 'YITH WooCommerc...')
#1 C:\xampp\htdocs\wordpress\wp-content\themes\yith-proteo\third-party\classes\class-tgm-plugin-activation.php(3553): Bulk_Upgrader_Skin->after('YITH WooCommerc...')
#2 C:\xampp\htdocs\wordpress\wp-admin\includes\class-wp-upgrader.php(841): TGMPA_Bulk_Installer_Skin->after()
#3 C:\xampp\htdocs\wordpress\wp-content\themes\yith-proteo\third-party\classes\class-tgm-plugin-activation.php(3173): WP_Upgrader->run(Array)
#4 C:\xampp\htdocs\wordpress\wp-content\themes\yith-proteo\third-party\classes\class-tgm-plugin-activation.php(3278): TGMPA_Bulk_Installer->run(Array)
#5 C:\xampp\htdocs\wordpress\wp-content\themes\yith-proteo\third-party\classes\class-tgm-plugin-activation.php(2892): TGMPA_Bulk_Installer->bulk_install(Array)
#6 C:\xampp\htdocs\wordpress\wp-content\themes\yith-proteo\third-party\classes\class-tgm-plugin-activation.php(658): TGMPA_List_Table->process_bulk_actions()
#7 C:\xampp\htdocs\wordpress\wp-includes\class-wp-hook.php(308): TGM_Plugin_Activation->install_plugins_page('')
#8 C:\xampp\htdocs\wordpress\wp-includes\class-wp-hook.php(332): WP_Hook->apply_filters('', Array)
#9 C:\xampp\htdocs\wordpress\wp-includes\plugin.php(517): WP_Hook->do_action(Array)
#10 C:\xampp\htdocs\wordpress\wp-admin\admin.php(259): do_action('appearance_page...')
#11 C:\xampp\htdocs\wordpress\wp-admin\themes.php(10): require_once('C:\\xampp\\htdocs...')
#12 {main}
  thrown in C:\xampp\htdocs\wordpress\wp-admin\includes\class-bulk-upgrader-skin.php on line 156

2023-05-29T20:30:44+00:00 CRITICAL Uncaught ArgumentCountError: 3 arguments are required, 2 given in C:\xampp\htdocs\wordpress\wp-admin\includes\class-bulk-upgrader-skin.php:156
Stack trace:
#0 C:\xampp\htdocs\wordpress\wp-admin\includes\class-bulk-upgrader-skin.php(156): sprintf('%1$s instalado ...', 'YITH WooCommerc...')
#1 C:\xampp\htdocs\wordpress\wp-content\themes\yith-proteo\third-party\classes\class-tgm-plugin-activation.php(3553): Bulk_Upgrader_Skin->after('YITH WooCommerc...')
#2 C:\xampp\htdocs\wordpress\wp-admin\includes\class-wp-upgrader.php(841): TGMPA_Bulk_Installer_Skin->after()
#3 C:\xampp\htdocs\wordpress\wp-content\themes\yith-proteo\third-party\classes\class-tgm-plugin-activation.php(3173): WP_Upgrader->run(Array)
#4 C:\xampp\htdocs\wordpress\wp-content\themes\yith-proteo\third-party\classes\class-tgm-plugin-activation.php(3278): TGMPA_Bulk_Installer->run(Array)
#5 C:\xampp\htdocs\wordpress\wp-content\themes\yith-proteo\third-party\classes\class-tgm-plugin-activation.php(2892): TGMPA_Bulk_Installer->bulk_install(Array)
#6 C:\xampp\htdocs\wordpress\wp-content\themes\yith-proteo\third-party\classes\class-tgm-plugin-activation.php(658): TGMPA_List_Table->process_bulk_actions()
#7 C:\xampp\htdocs\wordpress\wp-includes\class-wp-hook.php(308): TGM_Plugin_Activation->install_plugins_page('')
#8 C:\xampp\htdocs\wordpress\wp-includes\class-wp-hook.php(332): WP_Hook->apply_filters('', Array)
#9 C:\xampp\htdocs\wordpress\wp-includes\plugin.php(517): WP_Hook->do_action(Array)
#10 C:\xampp\htdocs\wordpress\wp-admin\admin.php(259): do_action('appearance_page...')
#11 C:\xampp\htdocs\wordpress\wp-admin\themes.php(10): require_once('C:\\xampp\\htdocs...')
#12 {main}
  thrown in C:\xampp\htdocs\wordpress\wp-admin\includes\class-bulk-upgrader-skin.php on line 156

2023-05-29T20:41:21+00:00 CRITICAL Uncaught Error: Cannot use a scalar value as an array in C:\xampp\htdocs\wordpress\wp-content\plugins\yith-proteo-toolkit\includes\third-party\importer\importer-config.php:194
Stack trace:
#0 C:\xampp\htdocs\wordpress\wp-includes\class-wp-hook.php(308): prefix_wizard_after_import_setup('classic-shop')
#1 C:\xampp\htdocs\wordpress\wp-includes\class-wp-hook.php(332): WP_Hook->apply_filters('', Array)
#2 C:\xampp\htdocs\wordpress\wp-includes\plugin.php(517): WP_Hook->do_action(Array)
#3 C:\xampp\htdocs\wordpress\wp-content\plugins\yith-proteo-toolkit\includes\third-party\importer\includes\class-yith-proteo-wizard-hooks.php(57): do_action('wizard_after_al...', 'classic-shop')
#4 C:\xampp\htdocs\wordpress\wp-content\plugins\yith-proteo-toolkit\includes\third-party\importer\class-yith-proteo-wizard.php(1598): YITH_Proteo_Wizard_Hooks->after_all_import_action('classic-shop')
#5 C:\xampp\htdocs\wordpress\wp-includes\class-wp-hook.php(306): YITH_Proteo_Wizard->ajax_content()
#6 C:\xampp\htdocs\wordpress\wp-includes\class-wp-hook.php(332): WP_Hook->apply_filters('', Array)
#7 C:\xampp\htdocs\wordpress\wp-includes\plugin.php(517): WP_Hook->do_action(Array)
#8 C:\xampp\htdocs\wordpress\wp-admin\admin-ajax.php(188): do_action('wp_ajax_wizard_...')
#9 {main}
  thrown in C:\xampp\htdocs\wordpress\wp-content\plugins\yith-proteo-toolkit\includes\third-party\importer\importer-config.php on line 194

